2025-09-11 22:32:06,266 - config.database - INFO - Connected to database: verification_system
2025-09-11 22:32:06,727 - werkzeug - INFO - [31m[1mWARNING: This is a development server. Do not use it in a production deployment. Use a production WSGI server instead.[0m
 * Running on all addresses (0.0.0.0)
 * Running on http://127.0.0.1:5000
 * Running on http://192.168.43.26:5000
2025-09-11 22:32:06,728 - werkzeug - INFO - [33mPress CTRL+C to quit[0m
2025-09-11 22:32:06,748 - werkzeug - INFO -  * Restarting with stat
2025-09-11 22:32:14,098 - config.database - INFO - Connected to database: verification_system
2025-09-11 22:32:14,476 - werkzeug - WARNING -  * Debugger is active!
2025-09-11 22:32:14,886 - werkzeug - INFO -  * Debugger PIN: 143-327-685
2025-09-11 22:32:57,555 - werkzeug - INFO -  * Detected change in '/home/damilola/Desktop/product-verification-backend/routes/product_routes.py', reloading
2025-09-11 22:33:00,537 - werkzeug - INFO -  * Restarting with stat
2025-09-11 22:33:11,679 - config.database - INFO - Connected to database: verification_system
2025-09-11 22:33:12,208 - werkzeug - WARNING -  * Debugger is active!
2025-09-11 22:33:12,212 - werkzeug - INFO -  * Debugger PIN: 143-327-685
2025-09-11 22:33:25,988 - werkzeug - INFO -  * Detected change in '/home/damilola/Desktop/product-verification-backend/routes/__init__.py', reloading
2025-09-11 22:33:28,191 - werkzeug - INFO -  * Restarting with stat
2025-09-11 22:33:36,604 - config.database - INFO - Connected to database: verification_system
2025-09-11 22:33:36,987 - werkzeug - WARNING -  * Debugger is active!
2025-09-11 22:33:36,990 - werkzeug - INFO -  * Debugger PIN: 143-327-685
2025-09-11 22:38:32,551 - config.database - INFO - Connected to database: verification_system
2025-09-11 22:38:33,476 - werkzeug - INFO - [31m[1mWARNING: This is a development server. Do not use it in a production deployment. Use a production WSGI server instead.[0m
 * Running on all addresses (0.0.0.0)
 * Running on http://127.0.0.1:5000
 * Running on http://192.168.43.26:5000
2025-09-11 22:38:33,477 - werkzeug - INFO - [33mPress CTRL+C to quit[0m
2025-09-11 22:38:33,482 - werkzeug - INFO -  * Restarting with stat
2025-09-11 22:38:46,039 - config.database - INFO - Connected to database: verification_system
2025-09-11 22:38:46,726 - werkzeug - WARNING -  * Debugger is active!
2025-09-11 22:38:46,732 - werkzeug - INFO -  * Debugger PIN: 143-327-685
2025-09-11 23:04:16,209 - config.database - INFO - Connected to database: verification_system
2025-09-11 23:04:16,574 - werkzeug - INFO - [31m[1mWARNING: This is a development server. Do not use it in a production deployment. Use a production WSGI server instead.[0m
 * Running on all addresses (0.0.0.0)
 * Running on http://127.0.0.1:5000
 * Running on http://192.168.43.26:5000
2025-09-11 23:04:16,575 - werkzeug - INFO - [33mPress CTRL+C to quit[0m
2025-09-11 23:04:16,581 - werkzeug - INFO -  * Restarting with stat
2025-09-11 23:04:24,925 - config.database - INFO - Connected to database: verification_system
2025-09-11 23:04:25,281 - werkzeug - WARNING -  * Debugger is active!
2025-09-11 23:04:25,283 - werkzeug - INFO -  * Debugger PIN: 143-327-685
2025-09-11 23:10:42,526 - werkzeug - INFO -  * Detected change in '/home/damilola/Desktop/product-verification-backend/services/product_service.py', reloading
2025-09-11 23:10:45,883 - werkzeug - INFO -  * Restarting with stat
2025-09-11 23:11:09,493 - config.database - INFO - Connected to database: verification_system
2025-09-11 23:11:10,087 - werkzeug - WARNING -  * Debugger is active!
2025-09-11 23:11:10,110 - werkzeug - INFO -  * Debugger PIN: 143-327-685
2025-09-11 23:11:12,637 - werkzeug - INFO -  * Detected change in '/home/damilola/Desktop/product-verification-backend/services/__init__.py', reloading
2025-09-11 23:11:15,894 - werkzeug - INFO -  * Restarting with stat
2025-09-11 23:11:29,485 - config.database - INFO - Connected to database: verification_system
2025-09-11 23:11:31,959 - services.product_service - INFO - Database indexes created successfully
2025-09-11 23:11:31,959 - services.product_service - INFO - ProductService initialized successfully
2025-09-11 23:11:32,129 - werkzeug - WARNING -  * Debugger is active!
2025-09-11 23:11:32,134 - werkzeug - INFO -  * Debugger PIN: 143-327-685
2025-09-11 23:11:38,578 - werkzeug - INFO -  * Detected change in '/home/damilola/Desktop/product-verification-backend/services/__init__.py', reloading
2025-09-11 23:11:41,059 - werkzeug - INFO -  * Restarting with stat
2025-09-11 23:11:51,495 - config.database - INFO - Connected to database: verification_system
2025-09-11 23:11:55,978 - services.product_service - INFO - Database indexes created successfully
2025-09-11 23:11:55,980 - services.product_service - INFO - ProductService initialized successfully
2025-09-11 23:11:56,316 - werkzeug - WARNING -  * Debugger is active!
2025-09-11 23:11:56,323 - werkzeug - INFO -  * Debugger PIN: 143-327-685
2025-09-11 23:15:49,872 - werkzeug - INFO -  * Detected change in '/home/damilola/Desktop/product-verification-backend/services/route_registry.py', reloading
2025-09-11 23:15:51,864 - werkzeug - INFO -  * Restarting with stat
2025-09-11 23:15:58,761 - config.database - ERROR - Database setup error: All nameservers failed to answer the query _mongodb._tcp.ecommercecluster.aoxl38d.mongodb.net. IN SRV: Server Do53:127.0.0.53@53 answered REFUSED
2025-09-11 23:21:34,152 - config.database - INFO - Connected to database: verification_system
2025-09-11 23:21:36,409 - services.product_service - INFO - Database indexes created successfully
2025-09-11 23:21:36,415 - services.product_service - INFO - ProductService initialized successfully
2025-09-11 23:21:36,620 - werkzeug - INFO - [31m[1mWARNING: This is a development server. Do not use it in a production deployment. Use a production WSGI server instead.[0m
 * Running on all addresses (0.0.0.0)
 * Running on http://127.0.0.1:5000
 * Running on http://192.168.43.26:5000
2025-09-11 23:21:36,622 - werkzeug - INFO - [33mPress CTRL+C to quit[0m
2025-09-11 23:21:36,635 - werkzeug - INFO -  * Restarting with stat
2025-09-11 23:21:45,004 - config.database - INFO - Connected to database: verification_system
2025-09-11 23:21:48,080 - services.product_service - INFO - Database indexes created successfully
2025-09-11 23:21:48,080 - services.product_service - INFO - ProductService initialized successfully
2025-09-11 23:21:48,206 - werkzeug - WARNING -  * Debugger is active!
2025-09-11 23:21:48,210 - werkzeug - INFO -  * Debugger PIN: 143-327-685
2025-09-11 23:31:47,786 - werkzeug - INFO -  * Detected change in '/home/damilola/Desktop/product-verification-backend/routes/auth_routes.py', reloading
2025-09-11 23:31:50,518 - werkzeug - INFO -  * Restarting with stat
2025-09-11 23:32:01,199 - config.database - INFO - Connected to database: verification_system
2025-09-11 23:32:04,600 - services.product_service - INFO - Database indexes created successfully
2025-09-11 23:32:04,604 - services.product_service - INFO - ProductService initialized successfully
2025-09-11 23:32:04,727 - werkzeug - WARNING -  * Debugger is active!
2025-09-11 23:32:04,728 - werkzeug - INFO -  * Debugger PIN: 143-327-685
2025-09-11 23:32:09,378 - werkzeug - INFO -  * Detected change in '/home/damilola/Desktop/product-verification-backend/routes/auth_routes.py', reloading
2025-09-11 23:32:12,379 - werkzeug - INFO -  * Restarting with stat
2025-09-11 23:32:22,839 - config.database - INFO - Connected to database: verification_system
2025-09-11 23:32:25,085 - services.product_service - INFO - Database indexes created successfully
2025-09-11 23:32:25,085 - services.product_service - INFO - ProductService initialized successfully
2025-09-11 23:32:25,246 - werkzeug - WARNING -  * Debugger is active!
2025-09-11 23:32:25,249 - werkzeug - INFO -  * Debugger PIN: 143-327-685
2025-09-11 23:32:31,247 - werkzeug - INFO -  * Detected change in '/home/damilola/Desktop/product-verification-backend/routes/auth_routes.py', reloading
2025-09-11 23:32:33,627 - werkzeug - INFO -  * Restarting with stat
2025-09-11 23:32:46,256 - config.database - INFO - Connected to database: verification_system
2025-09-11 23:32:49,391 - services.product_service - INFO - Database indexes created successfully
2025-09-11 23:32:49,395 - services.product_service - INFO - ProductService initialized successfully
2025-09-11 23:32:49,917 - werkzeug - WARNING -  * Debugger is active!
2025-09-11 23:32:49,928 - werkzeug - INFO -  * Debugger PIN: 143-327-685
2025-09-11 23:51:56,367 - werkzeug - INFO -  * Detected change in '/home/damilola/Desktop/product-verification-backend/routes/route_registry.py', reloading
2025-09-11 23:51:58,394 - werkzeug - INFO -  * Restarting with stat
2025-09-11 23:52:07,459 - config.database - INFO - Connected to database: verification_system
2025-09-11 23:52:10,337 - services.product_service - INFO - Database indexes created successfully
2025-09-11 23:52:10,337 - services.product_service - INFO - ProductService initialized successfully
2025-09-11 23:52:10,460 - werkzeug - WARNING -  * Debugger is active!
2025-09-11 23:52:10,463 - werkzeug - INFO -  * Debugger PIN: 143-327-685
2025-09-11 23:52:57,346 - werkzeug - INFO -  * Detected change in '/home/damilola/Desktop/product-verification-backend/routes/auth_routes.py', reloading
2025-09-11 23:53:00,051 - werkzeug - INFO -  * Restarting with stat
2025-09-11 23:53:12,206 - config.database - INFO - Connected to database: verification_system
2025-09-11 23:53:14,740 - services.product_service - INFO - Database indexes created successfully
2025-09-11 23:53:14,741 - services.product_service - INFO - ProductService initialized successfully
2025-09-11 23:53:14,902 - werkzeug - WARNING -  * Debugger is active!
2025-09-11 23:53:14,905 - werkzeug - INFO -  * Debugger PIN: 143-327-685
2025-09-12 00:08:26,460 - werkzeug - INFO -  * Detected change in '/home/damilola/Desktop/product-verification-backend/utils/validators.py', reloading
2025-09-12 00:08:28,621 - werkzeug - INFO -  * Restarting with stat
2025-09-12 00:08:40,576 - config.database - INFO - Connected to database: verification_system
2025-09-12 00:08:43,649 - services.product_service - INFO - Database indexes created successfully
2025-09-12 00:08:43,653 - services.product_service - INFO - ProductService initialized successfully
2025-09-12 00:08:43,932 - werkzeug - WARNING -  * Debugger is active!
2025-09-12 00:08:43,937 - werkzeug - INFO -  * Debugger PIN: 143-327-685
2025-09-12 00:15:35,899 - werkzeug - INFO -  * Detected change in '/home/damilola/Desktop/product-verification-backend/utils/validators.py', reloading
2025-09-12 00:15:40,092 - werkzeug - INFO -  * Restarting with stat
2025-09-12 00:15:51,065 - config.database - INFO - Connected to database: verification_system
2025-09-12 00:15:54,119 - services.product_service - INFO - Database indexes created successfully
2025-09-12 00:15:54,120 - services.product_service - INFO - ProductService initialized successfully
2025-09-12 00:15:54,229 - werkzeug - WARNING -  * Debugger is active!
2025-09-12 00:15:54,231 - werkzeug - INFO -  * Debugger PIN: 143-327-685
2025-09-12 00:49:20,681 - werkzeug - INFO -  * Detected change in '/home/damilola/Desktop/product-verification-backend/routes/integration_routes.py', reloading
2025-09-12 00:49:24,242 - werkzeug - INFO -  * Restarting with stat
2025-09-12 00:49:54,929 - config.database - INFO - Connected to database: verification_system
2025-09-12 00:49:58,410 - services.product_service - INFO - Database indexes created successfully
2025-09-12 00:49:58,410 - services.product_service - INFO - ProductService initialized successfully
2025-09-12 00:49:58,536 - werkzeug - WARNING -  * Debugger is active!
2025-09-12 00:49:58,538 - werkzeug - INFO -  * Debugger PIN: 143-327-685
2025-09-12 00:50:52,310 - werkzeug - INFO -  * Detected change in '/home/damilola/Desktop/product-verification-backend/routes/integration_routes.py', reloading
2025-09-12 00:50:54,026 - werkzeug - INFO -  * Restarting with stat
2025-09-12 00:51:09,018 - config.database - INFO - Connected to database: verification_system
2025-09-12 00:51:11,876 - services.product_service - INFO - Database indexes created successfully
2025-09-12 00:51:11,877 - services.product_service - INFO - ProductService initialized successfully
2025-09-12 00:51:12,003 - werkzeug - WARNING -  * Debugger is active!
2025-09-12 00:51:12,005 - werkzeug - INFO -  * Debugger PIN: 143-327-685
2025-09-12 00:51:53,759 - werkzeug - INFO -  * Detected change in '/home/damilola/Desktop/product-verification-backend/routes/integration_routes.py', reloading
2025-09-12 00:51:57,498 - werkzeug - INFO -  * Restarting with stat
2025-09-12 00:52:16,205 - config.database - INFO - Connected to database: verification_system
2025-09-12 00:52:18,805 - services.product_service - INFO - Database indexes created successfully
2025-09-12 00:52:18,806 - services.product_service - INFO - ProductService initialized successfully
2025-09-12 00:52:19,078 - werkzeug - WARNING -  * Debugger is active!
2025-09-12 00:52:19,087 - werkzeug - INFO -  * Debugger PIN: 143-327-685
2025-09-12 00:52:49,514 - werkzeug - INFO -  * Detected change in '/home/damilola/Desktop/product-verification-backend/routes/integration_routes.py', reloading
2025-09-12 00:52:51,433 - werkzeug - INFO -  * Restarting with stat
2025-09-12 00:53:00,870 - config.database - INFO - Connected to database: verification_system
2025-09-12 00:53:03,161 - services.product_service - INFO - Database indexes created successfully
2025-09-12 00:53:03,170 - services.product_service - INFO - ProductService initialized successfully
2025-09-12 00:53:03,525 - werkzeug - WARNING -  * Debugger is active!
2025-09-12 00:53:03,529 - werkzeug - INFO -  * Debugger PIN: 143-327-685
2025-09-12 00:53:05,748 - werkzeug - INFO -  * Detected change in '/home/damilola/Desktop/product-verification-backend/routes/integration_routes.py', reloading
2025-09-12 00:53:09,549 - werkzeug - INFO -  * Restarting with stat
2025-09-12 00:53:30,163 - config.database - INFO - Connected to database: verification_system
2025-09-12 00:53:34,062 - services.product_service - INFO - Database indexes created successfully
2025-09-12 00:53:34,066 - services.product_service - INFO - ProductService initialized successfully
2025-09-12 00:53:34,448 - werkzeug - WARNING -  * Debugger is active!
2025-09-12 00:53:34,456 - werkzeug - INFO -  * Debugger PIN: 143-327-685
2025-09-12 00:53:37,010 - werkzeug - INFO -  * Detected change in '/home/damilola/Desktop/product-verification-backend/routes/integration_routes.py', reloading
2025-09-12 00:53:40,904 - werkzeug - INFO -  * Restarting with stat
2025-09-12 00:53:58,051 - config.database - INFO - Connected to database: verification_system
2025-09-12 00:54:01,578 - services.product_service - INFO - Database indexes created successfully
2025-09-12 00:54:01,583 - services.product_service - INFO - ProductService initialized successfully
2025-09-12 00:54:01,813 - werkzeug - WARNING -  * Debugger is active!
2025-09-12 00:54:01,817 - werkzeug - INFO -  * Debugger PIN: 143-327-685
2025-09-12 00:54:02,970 - werkzeug - INFO -  * Detected change in '/home/damilola/Desktop/product-verification-backend/routes/integration_routes.py', reloading
2025-09-12 00:54:05,267 - werkzeug - INFO -  * Restarting with stat
2025-09-12 00:54:29,412 - config.database - INFO - Connected to database: verification_system
2025-09-12 00:54:47,497 - services.product_service - INFO - Database indexes created successfully
2025-09-12 00:54:47,499 - services.product_service - INFO - ProductService initialized successfully
2025-09-12 00:54:47,603 - werkzeug - WARNING -  * Debugger is active!
2025-09-12 00:54:47,604 - werkzeug - INFO -  * Debugger PIN: 143-327-685
2025-09-12 01:00:51,145 - werkzeug - INFO -  * Detected change in '/home/damilola/Desktop/product-verification-backend/app.py', reloading
2025-09-12 01:00:52,505 - werkzeug - INFO -  * Restarting with stat
